0 info it worked if it ends with ok
1 verbose cli [ '/usr/bin/nodejs',
1 verbose cli   '/usr/bin/npm',
1 verbose cli   'install',
1 verbose cli   'latest@npm',
1 verbose cli   '-g' ]
2 info using npm@1.3.10
3 info using node@v0.10.25
4 verbose cache add [ 'latest@npm', null ]
5 verbose cache add name=undefined spec="latest@npm" args=["latest@npm",null]
6 verbose parsed url { protocol: null,
6 verbose parsed url   slashes: null,
6 verbose parsed url   auth: null,
6 verbose parsed url   host: null,
6 verbose parsed url   port: null,
6 verbose parsed url   hostname: null,
6 verbose parsed url   hash: null,
6 verbose parsed url   search: null,
6 verbose parsed url   query: null,
6 verbose parsed url   pathname: 'latest@npm',
6 verbose parsed url   path: 'latest@npm',
6 verbose parsed url   href: 'latest@npm' }
7 verbose cache add name="latest" spec="npm" args=["latest","npm"]
8 verbose parsed url { protocol: null,
8 verbose parsed url   slashes: null,
8 verbose parsed url   auth: null,
8 verbose parsed url   host: null,
8 verbose parsed url   port: null,
8 verbose parsed url   hostname: null,
8 verbose parsed url   hash: null,
8 verbose parsed url   search: null,
8 verbose parsed url   query: null,
8 verbose parsed url   pathname: 'npm',
8 verbose parsed url   path: 'npm',
8 verbose parsed url   href: 'npm' }
9 verbose addNamed [ 'latest', 'npm' ]
10 verbose addNamed [ null, null ]
11 silly lockFile 93be6cea-latest-npm latest@npm
12 verbose lock latest@npm /root/.npm/93be6cea-latest-npm.lock
13 info addNameTag [ 'latest', 'npm' ]
14 verbose url raw latest
15 verbose url resolving [ 'https://registry.npmjs.org/', './latest' ]
16 verbose url resolved https://registry.npmjs.org/latest
17 info trying registry request attempt 1 at 20:21:39
18 http GET https://registry.npmjs.org/latest
19 http 200 https://registry.npmjs.org/latest
20 silly registry.get cb [ 200,
20 silly registry.get   { server: 'nginx/1.10.3',
20 silly registry.get     'content-type': 'application/json',
20 silly registry.get     'last-modified': 'Thu, 19 Feb 2015 23:48:53 GMT',
20 silly registry.get     etag: '"54e67665-1ef0"',
20 silly registry.get     'cache-control': 'max-age=300',
20 silly registry.get     'content-length': '7920',
20 silly registry.get     'accept-ranges': 'bytes',
20 silly registry.get     date: 'Tue, 19 Sep 2017 13:21:38 GMT',
20 silly registry.get     via: '1.1 varnish',
20 silly registry.get     age: '0',
20 silly registry.get     connection: 'keep-alive',
20 silly registry.get     'x-served-by': 'cache-sin18030-SIN',
20 silly registry.get     'x-cache': 'MISS',
20 silly registry.get     'x-cache-hits': '0',
20 silly registry.get     'x-timer': 'S1505827298.254821,VS0,VE205',
20 silly registry.get     vary: 'Accept-Encoding, Accept' } ]
21 silly lockFile 93be6cea-latest-npm latest@npm
22 silly lockFile 93be6cea-latest-npm latest@npm
23 error Error: No compatible version found: latest@'npm'
23 error Valid install targets:
23 error ["0.0.0","0.0.1","0.1.0","0.1.1","0.1.2","0.2.0"]
23 error     at installTargetsError (/usr/share/npm/lib/cache.js:719:10)
23 error     at /usr/share/npm/lib/cache.js:638:10
23 error     at saved (/usr/share/npm/node_modules/npm-registry-client/lib/get.js:142:7)
23 error     at /usr/lib/nodejs/graceful-fs/polyfills.js:133:7
23 error     at Object.oncomplete (fs.js:107:15)
24 error If you need help, you may report this log at:
24 error     <http://github.com/isaacs/npm/issues>
24 error or email it to:
24 error     <npm-@googlegroups.com>
25 error System Linux 4.4.0-43-Microsoft
26 error command "/usr/bin/nodejs" "/usr/bin/npm" "install" "latest@npm" "-g"
27 error cwd /mnt/d/webroot/dev/slick-api
28 error node -v v0.10.25
29 error npm -v 1.3.10
30 verbose exit [ 1, true ]
